<?xml version="1.0" encoding="UTF-8"?>
<coverage generated="1681978273810" clover="3.2.0">
  <project timestamp="1681978273810" name="All files">
    <metrics statements="4" coveredstatements="4" conditionals="0" coveredconditionals="0" methods="1" coveredmethods="1" elements="5" coveredelements="5" complexity="0" loc="4" ncloc="4" packages="1" files="1" classes="1"/>
    <file name="getAllUser.ts" path="/home/suraj/Documents/.my-files/learning_stuff/express_jest_unit_testing/src/routes/getAllUser.ts">
      <metrics statements="4" coveredstatements="4" conditionals="0" coveredconditionals="0" methods="1" coveredmethods="1"/>
      <line num="3" count="1" type="stmt"/>
      <line num="4" count="1" type="stmt"/>
      <line num="9" count="1" type="stmt"/>
      <line num="10" count="1" type="stmt"/>
    </file>
  </project>
</coverage>
