{"/home/suraj/Documents/.my-files/learning_stuff/express_jest_unit_testing/src/routes/getAllUser.ts": {"path":"/home/suraj/Documents/.my-files/learning_stuff/express_jest_unit_testing/src/routes/getAllUser.ts","statementMap":{"0":{"start":{"line":4,"column":16},"end":{"line":7,"column":4}},"1":{"start":{"line":9,"column":2},"end":{"line":9,"column":23}},"2":{"start":{"line":10,"column":2},"end":{"line":10,"column":22}},"3":{"start":{"line":3,"column":0},"end":{"line":3,"column":24}}},"fnMap":{"0":{"name":"getAllUsers","decl":{"start":{"line":3,"column":24},"end":{"line":3,"column":35}},"loc":{"start":{"line":3,"column":63},"end":{"line":11,"column":1}}}},"branchMap":{},"s":{"0":1,"1":1,"2":1,"3":1},"f":{"0":1},"b":{}}
}
