TN:
SF:app.js
FNF:0
FNH:0
DA:1,1
DA:2,1
DA:3,1
DA:4,1
DA:5,1
DA:6,1
DA:7,1
DA:8,1
DA:9,1
DA:10,1
DA:11,1
DA:12,1
DA:13,1
DA:14,1
DA:15,1
DA:16,1
DA:17,1
DA:18,1
DA:19,1
DA:20,1
DA:21,1
DA:22,1
DA:23,1
DA:24,1
DA:25,1
DA:26,1
DA:27,1
DA:28,0
DA:29,0
DA:30,0
DA:31,1
DA:32,1
DA:33,1
LF:33
LH:30
BRF:0
BRH:0
end_of_record
TN:
SF:__test__/db-handler.js
FN:2,_regeneratorRuntime
FN:2,defineProperty
FN:2,define
FN:2,define
FN:2,wrap
FN:2,tryCatch
FN:2,Generator
FN:2,GeneratorFunction
FN:2,GeneratorFunctionPrototype
FN:2,defineIteratorMethods
FN:2,AsyncIterator
FN:2,makeInvokeMethod
FN:2,maybeInvokeDelegate
FN:2,pushTryEntry
FN:2,resetTryEntry
FN:2,Context
FN:2,values
FN:2,next
FN:2,doneResult
FN:2,exports.isGeneratorFunction
FN:2,exports.mark
FN:2,exports.awrap
FN:2,exports.async
FN:2,exports.keys
FN:2,reset
FN:2,stop
FN:2,dispatchException
FN:2,handle
FN:2,abrupt
FN:2,complete
FN:2,finish
FN:2,_catch
FN:2,delegateYield
FN:2,asyncGeneratorStep
FN:2,_asyncToGenerator
FN:2,_next
FN:2,_throw
FN:6,_callee
FN:6,_callee$
FN:18,_callee2
FN:18,_callee2$
FNF:41
FNH:22
FNDA:3,_regeneratorRuntime
FNDA:0,defineProperty
FNDA:13,define
FNDA:0,define
FNDA:2,wrap
FNDA:3,tryCatch
FNDA:0,Generator
FNDA:0,GeneratorFunction
FNDA:0,GeneratorFunctionPrototype
FNDA:2,defineIteratorMethods
FNDA:0,AsyncIterator
FNDA:2,makeInvokeMethod
FNDA:0,maybeInvokeDelegate
FNDA:0,pushTryEntry
FNDA:2,resetTryEntry
FNDA:2,Context
FNDA:1,values
FNDA:0,next
FNDA:0,doneResult
FNDA:0,exports.isGeneratorFunction
FNDA:2,exports.mark
FNDA:0,exports.awrap
FNDA:0,exports.async
FNDA:0,exports.keys
FNDA:2,reset
FNDA:1,stop
FNDA:2,dispatchException
FNDA:1,handle
FNDA:0,abrupt
FNDA:0,complete
FNDA:0,finish
FNDA:0,_catch
FNDA:0,delegateYield
FNDA:3,asyncGeneratorStep
FNDA:2,_asyncToGenerator
FNDA:2,_next
FNDA:1,_throw
FNDA:1,_callee
FNDA:2,_callee$
FNDA:1,_callee2
FNDA:1,_callee2$
DA:1,1
DA:2,1
DA:3,1
DA:4,1
DA:5,1
DA:6,1
DA:7,1
DA:8,0
DA:9,0
DA:10,0
DA:11,0
DA:12,0
DA:13,0
DA:14,0
DA:15,0
DA:16,1
DA:17,1
DA:18,1
DA:19,1
DA:20,0
DA:21,0
DA:22,1
LF:22
LH:12
BRDA:2,0,0,0
BRDA:2,1,0,0
BRDA:2,2,0,0
BRDA:2,3,0,0
BRDA:2,4,0,0
BRDA:2,5,0,0
BRDA:2,6,0,3
BRDA:2,7,0,13
BRDA:2,8,0,2
BRDA:2,9,0,0
BRDA:2,10,0,3
BRDA:2,11,0,1
BRDA:2,12,0,2
BRDA:2,13,0,6
BRDA:2,14,0,3
BRDA:2,15,0,2
BRDA:2,16,0,3
BRDA:2,17,0,0
BRDA:2,18,0,0
BRDA:2,19,0,4
BRDA:2,20,0,0
BRDA:2,21,0,2
BRDA:2,22,0,0
BRDA:2,23,0,0
BRDA:2,24,0,3
BRDA:2,25,0,2
BRDA:2,26,0,0
BRDA:2,27,0,0
BRDA:2,28,0,1
BRDA:2,29,0,2
BRDA:2,30,0,2
BRDA:2,31,0,1
BRDA:2,32,0,0
BRDA:2,33,0,0
BRDA:2,34,0,2
BRDA:2,35,0,0
BRDA:2,36,0,2
BRDA:2,37,0,0
BRDA:2,38,0,1
BRDA:2,39,0,0
BRDA:2,40,0,2
BRDA:2,41,0,1
BRDA:2,42,0,0
BRDA:2,43,0,1
BRDA:2,44,0,0
BRDA:2,45,0,3
BRDA:2,46,0,1
BRDA:2,47,0,2
BRDA:2,48,0,0
BRDA:2,49,0,2
BRDA:2,50,0,2
BRDA:2,51,0,2
BRDA:2,52,0,2
BRDA:2,53,0,2
BRDA:2,54,0,1
BRDA:6,55,0,1
BRDA:6,56,0,1
BRDA:6,57,0,2
BRDA:6,58,0,1
BRDA:7,59,0,0
BRDA:15,60,0,0
BRDA:15,61,0,1
BRDA:18,62,0,1
BRDA:18,63,0,1
BRDA:18,64,0,1
BRDA:19,65,0,0
BRDA:20,66,0,0
BRDA:21,67,0,0
BRDA:21,68,0,0
BRF:69
BRH:41
end_of_record
TN:
SF:controllers/authController.js
FN:2,asyncGeneratorStep
FN:2,_asyncToGenerator
FN:2,_next
FN:2,_throw
FN:7,_callee
FN:7,_callee$
FN:40,_callee2
FN:40,_callee2$
FN:81,_callee3
FN:90,_callee4
FN:103,_callee5
FNF:11
FNH:8
FNDA:12,asyncGeneratorStep
FNDA:10,_asyncToGenerator
FNDA:11,_next
FNDA:1,_throw
FNDA:3,_callee
FNDA:9,_callee$
FNDA:2,_callee2
FNDA:6,_callee2$
FNDA:0,_callee3
FNDA:0,_callee4
FNDA:0,_callee5
DA:1,1
DA:2,1
DA:3,1
DA:4,1
DA:5,1
DA:6,1
DA:7,1
DA:8,3
DA:9,3
DA:10,3
DA:11,3
DA:12,1
DA:13,1
DA:14,1
DA:15,2
DA:16,2
DA:17,2
DA:18,2
DA:19,2
DA:20,2
DA:21,2
DA:22,2
DA:23,2
DA:24,1
DA:25,1
DA:26,1
DA:27,1
DA:28,1
DA:29,1
DA:30,1
DA:31,1
DA:32,1
DA:33,1
DA:34,1
DA:35,1
DA:36,1
DA:37,1
DA:38,1
DA:39,1
DA:40,1
DA:41,2
DA:42,2
DA:43,2
DA:44,2
DA:45,2
DA:46,1
DA:47,1
DA:48,1
DA:49,1
DA:50,1
DA:51,1
DA:52,1
DA:53,1
DA:54,1
DA:55,0
DA:56,0
DA:57,0
DA:58,1
DA:59,1
DA:60,1
DA:61,1
DA:62,1
DA:63,1
DA:64,1
DA:65,1
DA:66,1
DA:67,0
DA:68,0
DA:69,0
DA:70,0
DA:71,0
DA:72,0
DA:73,0
DA:74,0
DA:75,0
DA:76,0
DA:77,0
DA:78,1
DA:79,1
DA:80,1
DA:81,1
DA:82,0
DA:83,0
DA:84,0
DA:85,0
DA:86,0
DA:87,0
DA:88,1
DA:89,1
DA:90,1
DA:91,0
DA:92,0
DA:93,0
DA:94,0
DA:95,0
DA:96,0
DA:97,0
DA:98,0
DA:99,0
DA:100,0
DA:101,1
DA:102,1
DA:103,1
DA:104,0
DA:105,0
DA:106,0
DA:107,1
LF:107
LH:74
BRDA:2,0,0,12
BRDA:2,1,0,0
BRDA:2,2,0,5
BRDA:2,3,0,7
BRDA:2,4,0,10
BRDA:2,5,0,5
BRDA:2,6,0,5
BRDA:2,7,0,11
BRDA:2,8,0,1
BRDA:7,9,0,2
BRDA:7,10,0,3
BRDA:7,11,0,9
BRDA:7,12,0,12
BRDA:7,13,0,3
BRDA:11,14,0,2
BRDA:11,15,0,2
BRDA:11,16,0,2
BRDA:11,17,0,1
BRDA:14,18,0,2
BRDA:17,19,0,2
BRDA:23,20,0,1
BRDA:25,21,0,0
BRDA:25,22,0,1
BRDA:30,23,0,1
BRDA:40,24,0,2
BRDA:40,25,0,2
BRDA:40,26,0,6
BRDA:40,27,0,8
BRDA:40,28,0,2
BRDA:45,29,0,1
BRDA:45,30,0,1
BRDA:48,31,0,1
BRDA:52,32,0,1
BRDA:54,33,0,0
BRDA:57,34,0,1
BRDA:61,35,0,1
BRDA:63,36,0,0
BRDA:66,37,0,0
BRDA:69,38,0,0
BRDA:74,39,0,0
BRDA:81,40,0,2
BRDA:90,41,0,2
BRDA:103,42,0,2
BRF:43
BRH:36
end_of_record
TN:
SF:controllers/jobsController.js
FN:2,_regeneratorRuntime
FN:4,_callee
FN:4,_callee$
FN:28,_callee2
FN:28,_callee2$
FN:48,_callee3
FN:48,_callee3$
FN:71,_callee4
FN:71,_callee4$
FN:95,_callee5
FN:95,_callee5$
FNF:11
FNH:11
FNDA:2,_regeneratorRuntime
FNDA:1,_callee
FNDA:2,_callee$
FNDA:2,_callee2
FNDA:4,_callee2$
FNDA:3,_callee3
FNDA:7,_callee3$
FNDA:3,_callee4
FNDA:9,_callee4$
FNDA:2,_callee5
FNDA:6,_callee5$
DA:1,1
DA:2,2
DA:3,1
DA:4,1
DA:5,1
DA:6,1
DA:7,1
DA:8,1
DA:9,1
DA:10,0
DA:11,0
DA:12,0
DA:13,0
DA:14,0
DA:15,0
DA:16,1
DA:17,1
DA:18,1
DA:19,1
DA:20,1
DA:21,1
DA:22,1
DA:23,1
DA:24,1
DA:25,1
DA:26,1
DA:27,1
DA:28,1
DA:29,2
DA:30,2
DA:31,2
DA:32,2
DA:33,2
DA:34,1
DA:35,1
DA:36,1
DA:37,1
DA:38,1
DA:39,1
DA:40,1
DA:41,1
DA:42,1
DA:43,1
DA:44,1
DA:45,1
DA:46,1
DA:47,1
DA:48,1
DA:49,3
DA:50,3
DA:51,2
DA:52,2
DA:53,1
DA:54,1
DA:55,1
DA:56,1
DA:57,1
DA:58,1
DA:59,1
DA:60,1
DA:61,1
DA:62,1
DA:63,1
DA:64,1
DA:65,1
DA:66,1
DA:67,1
DA:68,1
DA:69,1
DA:70,1
DA:71,1
DA:72,3
DA:73,3
DA:74,3
DA:75,1
DA:76,1
DA:77,1
DA:78,2
DA:79,2
DA:80,2
DA:81,2
DA:82,1
DA:83,1
DA:84,1
DA:85,1
DA:86,1
DA:87,1
DA:88,1
DA:89,1
DA:90,1
DA:91,1
DA:92,1
DA:93,1
DA:94,1
DA:95,1
DA:96,2
DA:97,2
DA:98,2
DA:99,1
DA:100,1
DA:101,1
DA:102,1
DA:103,1
DA:104,1
DA:105,1
DA:106,1
DA:107,1
DA:108,1
DA:109,1
LF:109
LH:103
BRDA:2,0,0,2
BRDA:4,1,0,2
BRDA:4,2,0,1
BRDA:4,3,0,2
BRDA:4,4,0,1
BRDA:10,5,0,0
BRDA:20,6,0,1
BRDA:28,7,0,2
BRDA:28,8,0,2
BRDA:28,9,0,4
BRDA:28,10,0,5
BRDA:28,11,0,2
BRDA:33,12,0,1
BRDA:38,13,0,1
BRDA:48,14,0,2
BRDA:48,15,0,3
BRDA:48,16,0,7
BRDA:48,17,0,9
BRDA:48,18,0,3
BRDA:50,19,0,2
BRDA:52,20,0,1
BRDA:55,21,0,1
BRDA:61,22,0,1
BRDA:71,23,0,2
BRDA:71,24,0,3
BRDA:71,25,0,9
BRDA:71,26,0,12
BRDA:71,27,0,3
BRDA:72,28,0,3
BRDA:74,29,0,2
BRDA:74,30,0,1
BRDA:77,31,0,2
BRDA:81,32,0,1
BRDA:84,33,0,1
BRDA:87,34,0,1
BRDA:95,35,0,2
BRDA:95,36,0,2
BRDA:95,37,0,6
BRDA:95,38,0,7
BRDA:95,39,0,2
BRDA:96,40,0,2
BRDA:98,41,0,1
BRDA:101,42,0,1
BRDA:104,43,0,1
BRF:44
BRH:43
end_of_record
TN:
SF:middlewares/auth.js
FN:2,_regeneratorRuntime
FN:2,defineProperty
FN:2,define
FN:2,define
FN:2,wrap
FN:2,tryCatch
FN:2,Generator
FN:2,GeneratorFunction
FN:2,GeneratorFunctionPrototype
FN:2,defineIteratorMethods
FN:2,AsyncIterator
FN:2,makeInvokeMethod
FN:2,maybeInvokeDelegate
FN:2,pushTryEntry
FN:2,resetTryEntry
FN:2,Context
FN:2,values
FN:2,next
FN:2,doneResult
FN:2,exports.isGeneratorFunction
FN:2,exports.mark
FN:2,exports.awrap
FN:2,exports.async
FN:2,exports.keys
FN:2,reset
FN:2,stop
FN:2,dispatchException
FN:2,abrupt
FN:2,complete
FN:2,finish
FN:2,_catch
FN:2,delegateYield
FN:2,asyncGeneratorStep
FN:2,_asyncToGenerator
FN:2,_next
FN:2,_throw
FN:5,_callee
FN:5,_callee$
FNF:38
FNH:20
FNDA:3,_regeneratorRuntime
FNDA:0,defineProperty
FNDA:26,define
FNDA:0,define
FNDA:3,wrap
FNDA:6,tryCatch
FNDA:0,Generator
FNDA:0,GeneratorFunction
FNDA:0,GeneratorFunctionPrototype
FNDA:4,defineIteratorMethods
FNDA:0,AsyncIterator
FNDA:3,makeInvokeMethod
FNDA:0,maybeInvokeDelegate
FNDA:3,pushTryEntry
FNDA:6,resetTryEntry
FNDA:3,Context
FNDA:2,values
FNDA:0,next
FNDA:0,doneResult
FNDA:0,exports.isGeneratorFunction
FNDA:2,exports.mark
FNDA:0,exports.awrap
FNDA:0,exports.async
FNDA:0,exports.keys
FNDA:3,reset
FNDA:3,stop
FNDA:0,dispatchException
FNDA:4,abrupt
FNDA:4,complete
FNDA:0,finish
FNDA:0,_catch
FNDA:0,delegateYield
FNDA:4,asyncGeneratorStep
FNDA:2,_asyncToGenerator
FNDA:4,_next
FNDA:0,_throw
FNDA:3,_callee
FNDA:6,_callee$
DA:1,1
DA:2,0
DA:3,1
DA:4,1
DA:5,1
DA:6,3
DA:7,3
DA:8,1
DA:9,1
DA:10,1
DA:11,2
DA:12,2
DA:13,2
DA:14,2
DA:15,2
DA:16,1
DA:17,1
DA:18,1
DA:19,1
DA:20,1
DA:21,1
DA:22,1
DA:23,1
DA:24,1
DA:25,1
DA:26,0
DA:27,0
DA:28,0
DA:29,0
DA:30,0
DA:31,1
DA:32,1
LF:32
LH:26
BRDA:2,0,0,0
BRDA:2,1,0,0
BRDA:2,2,0,0
BRDA:2,3,0,0
BRDA:2,4,0,0
BRDA:2,5,0,0
BRDA:2,6,0,3
BRDA:2,7,0,26
BRDA:2,8,0,3
BRDA:2,9,0,0
BRDA:2,10,0,0
BRDA:2,11,0,6
BRDA:2,12,0,0
BRDA:2,13,0,4
BRDA:2,14,0,12
BRDA:2,15,0,4
BRDA:2,16,0,3
BRDA:2,17,0,4
BRDA:2,18,0,0
BRDA:2,19,0,0
BRDA:2,20,0,6
BRDA:2,21,0,0
BRDA:2,22,0,4
BRDA:2,23,0,2
BRDA:2,24,0,0
BRDA:2,25,0,3
BRDA:2,26,0,3
BRDA:2,27,0,2
BRDA:2,28,0,4
BRDA:2,29,0,0
BRDA:2,30,0,3
BRDA:2,31,0,0
BRDA:2,32,0,6
BRDA:2,33,0,3
BRDA:2,34,0,2
BRDA:2,35,0,0
BRDA:2,36,0,0
BRDA:2,37,0,2
BRDA:2,38,0,0
BRDA:2,39,0,3
BRDA:2,40,0,0
BRDA:2,41,0,3
BRDA:2,42,0,0
BRDA:2,43,0,4
BRDA:2,44,0,8
BRDA:2,45,0,4
BRDA:2,46,0,0
BRDA:2,47,0,0
BRDA:2,48,0,0
BRDA:2,49,0,0
BRDA:2,50,0,0
BRDA:2,51,0,0
BRDA:2,52,0,0
BRDA:2,53,0,0
BRDA:2,54,0,4
BRDA:2,55,0,0
BRDA:2,56,0,0
BRDA:2,57,0,0
BRDA:2,58,0,4
BRDA:2,59,0,0
BRDA:2,60,0,3
BRDA:2,61,0,1
BRDA:2,62,0,2
BRDA:2,63,0,3
BRDA:2,64,0,3
BRDA:2,65,0,4
BRDA:5,66,0,2
BRDA:5,67,0,3
BRDA:5,68,0,6
BRDA:5,69,0,10
BRDA:5,70,0,3
BRDA:7,71,0,2
BRDA:7,72,0,2
BRDA:7,73,0,1
BRDA:10,74,0,2
BRDA:13,75,0,0
BRDA:15,76,0,1
BRDA:18,77,0,1
BRDA:23,78,0,1
BRDA:26,79,0,0
BRDA:30,80,0,1
BRDA:30,81,0,3
BRF:82
BRH:48
end_of_record
TN:
SF:models/jobs.js
FNF:0
FNH:0
DA:1,1
DA:2,1
DA:3,1
DA:4,1
DA:5,1
DA:6,1
DA:7,1
DA:8,1
DA:9,1
DA:10,1
DA:11,1
DA:12,1
DA:13,1
DA:14,1
DA:15,1
DA:16,1
DA:17,1
DA:18,1
DA:19,1
DA:20,1
DA:21,1
DA:22,1
DA:23,1
DA:24,1
DA:25,1
DA:26,1
DA:27,1
DA:28,1
DA:29,1
DA:30,1
DA:31,1
DA:32,1
DA:33,1
DA:34,1
DA:35,1
DA:36,1
DA:37,1
DA:38,1
DA:39,1
DA:40,1
DA:41,1
DA:42,1
DA:43,1
DA:44,1
DA:45,1
DA:46,1
DA:47,1
DA:48,1
DA:49,1
DA:50,1
DA:51,1
DA:52,1
DA:53,1
DA:54,1
DA:55,1
DA:56,1
DA:57,1
DA:58,1
DA:59,1
DA:60,1
LF:60
LH:60
BRF:0
BRH:0
end_of_record
TN:
SF:models/users.js
FNF:0
FNH:0
DA:1,1
DA:2,1
DA:3,1
DA:4,1
DA:5,1
DA:6,1
DA:7,1
DA:8,1
DA:9,1
DA:10,1
DA:11,1
DA:12,1
DA:13,1
DA:14,1
DA:15,1
DA:16,1
DA:17,1
DA:18,1
DA:19,1
DA:20,1
DA:21,1
DA:22,1
DA:23,1
DA:24,1
DA:25,1
LF:25
LH:25
BRF:0
BRH:0
end_of_record
TN:
SF:routes/auth.js
FNF:0
FNH:0
DA:1,1
DA:2,1
DA:3,1
DA:4,1
DA:5,1
DA:6,1
DA:7,1
DA:8,1
DA:9,1
DA:10,1
DA:11,1
DA:12,1
DA:13,1
DA:14,1
DA:15,1
DA:16,1
DA:17,1
DA:18,1
DA:19,1
DA:20,1
LF:20
LH:20
BRF:0
BRH:0
end_of_record
TN:
SF:routes/jobs.js
FNF:0
FNH:0
DA:1,1
DA:2,1
DA:3,1
DA:4,1
DA:5,1
DA:6,1
DA:7,1
DA:8,1
DA:9,1
DA:10,1
DA:11,1
DA:12,1
DA:13,1
DA:14,1
DA:15,1
DA:16,1
DA:17,1
DA:18,1
DA:19,1
DA:20,1
DA:21,1
DA:22,1
DA:23,1
DA:24,1
DA:25,1
LF:25
LH:25
BRF:0
BRH:0
end_of_record
TN:
SF:utils/helpers.js
FN:2,_regeneratorRuntime
FN:2,defineProperty
FN:2,define
FN:2,define
FN:2,wrap
FN:2,tryCatch
FN:2,Generator
FN:2,GeneratorFunction
FN:2,GeneratorFunctionPrototype
FN:2,defineIteratorMethods
FN:2,AsyncIterator
FN:2,makeInvokeMethod
FN:2,maybeInvokeDelegate
FN:2,pushTryEntry
FN:2,resetTryEntry
FN:2,Context
FN:2,values
FN:2,next
FN:2,doneResult
FN:2,exports.isGeneratorFunction
FN:2,exports.mark
FN:2,exports.awrap
FN:2,exports.async
FN:2,exports.keys
FN:2,reset
FN:2,stop
FN:2,dispatchException
FN:2,abrupt
FN:2,complete
FN:2,finish
FN:2,_catch
FN:2,delegateYield
FN:2,asyncGeneratorStep
FN:2,_asyncToGenerator
FN:2,_next
FN:2,_throw
FN:4,_callee
FN:4,_callee$
FN:24,getJwtToken
FN:25,_getJwtToken
FN:25,_callee2
FN:25,_callee2$
FNF:42
FNH:23
FNDA:3,_regeneratorRuntime
FNDA:0,defineProperty
FNDA:26,define
FNDA:0,define
FNDA:2,wrap
FNDA:5,tryCatch
FNDA:0,Generator
FNDA:0,GeneratorFunction
FNDA:0,GeneratorFunctionPrototype
FNDA:4,defineIteratorMethods
FNDA:0,AsyncIterator
FNDA:2,makeInvokeMethod
FNDA:0,maybeInvokeDelegate
FNDA:0,pushTryEntry
FNDA:2,resetTryEntry
FNDA:2,Context
FNDA:2,values
FNDA:0,next
FNDA:0,doneResult
FNDA:0,exports.isGeneratorFunction
FNDA:3,exports.mark
FNDA:0,exports.awrap
FNDA:0,exports.async
FNDA:0,exports.keys
FNDA:2,reset
FNDA:2,stop
FNDA:0,dispatchException
FNDA:4,abrupt
FNDA:4,complete
FNDA:0,finish
FNDA:0,_catch
FNDA:0,delegateYield
FNDA:3,asyncGeneratorStep
FNDA:3,_asyncToGenerator
FNDA:3,_next
FNDA:0,_throw
FNDA:1,_callee
FNDA:3,_callee$
FNDA:1,getJwtToken
FNDA:1,_getJwtToken
FNDA:1,_callee2
FNDA:2,_callee2$
DA:1,1
DA:2,0
DA:3,1
DA:4,1
DA:5,1
DA:6,1
DA:7,1
DA:8,1
DA:9,1
DA:10,1
DA:11,1
DA:12,1
DA:13,1
DA:14,1
DA:15,1
DA:16,1
DA:17,1
DA:18,1
DA:19,1
DA:20,1
DA:21,1
DA:22,1
DA:23,1
DA:24,1
DA:25,1
DA:26,1
DA:27,1
DA:28,1
DA:29,1
DA:30,1
DA:31,1
LF:31
LH:30
BRDA:2,0,0,0
BRDA:2,1,0,0
BRDA:2,2,0,0
BRDA:2,3,0,0
BRDA:2,4,0,0
BRDA:2,5,0,0
BRDA:2,6,0,3
BRDA:2,7,0,26
BRDA:2,8,0,2
BRDA:2,9,0,0
BRDA:2,10,0,5
BRDA:2,11,0,0
BRDA:2,12,0,4
BRDA:2,13,0,12
BRDA:2,14,0,3
BRDA:2,15,0,2
BRDA:2,16,0,3
BRDA:2,17,0,0
BRDA:2,18,0,0
BRDA:2,19,0,5
BRDA:2,20,0,0
BRDA:2,21,0,3
BRDA:2,22,0,2
BRDA:2,23,0,0
BRDA:2,24,0,2
BRDA:2,25,0,3
BRDA:2,26,0,2
BRDA:2,27,0,3
BRDA:2,28,0,0
BRDA:2,29,0,2
BRDA:2,30,0,2
BRDA:2,31,0,2
BRDA:2,32,0,0
BRDA:2,33,0,0
BRDA:2,34,0,3
BRDA:2,35,0,0
BRDA:2,36,0,2
BRDA:2,37,0,0
BRDA:2,38,0,2
BRDA:2,39,0,0
BRDA:2,40,0,4
BRDA:2,41,0,0
BRDA:2,42,0,0
BRDA:2,43,0,0
BRDA:2,44,0,0
BRDA:2,45,0,0
BRDA:2,46,0,0
BRDA:2,47,0,0
BRDA:2,48,0,0
BRDA:2,49,0,0
BRDA:2,50,0,4
BRDA:2,51,0,0
BRDA:2,52,0,0
BRDA:2,53,0,0
BRDA:2,54,0,3
BRDA:2,55,0,0
BRDA:2,56,0,2
BRDA:2,57,0,1
BRDA:2,58,0,3
BRDA:2,59,0,2
BRDA:2,60,0,2
BRDA:2,61,0,3
BRDA:4,62,0,2
BRDA:4,63,0,1
BRDA:4,64,0,3
BRDA:4,65,0,1
BRDA:21,66,0,1
BRDA:22,67,0,0
BRDA:22,68,0,1
BRDA:24,69,0,1
BRDA:25,70,0,1
BRDA:25,71,0,1
BRDA:25,72,0,2
BRDA:25,73,0,1
BRDA:28,74,0,0
BRDA:28,75,0,1
BRF:76
BRH:43
end_of_record
TN:
SF:utils/s3Service.js
FN:2,_regeneratorRuntime
FN:2,_regeneratorRuntime
FN:2,defineProperty
FN:2,define
FN:2,define
FN:2,wrap
FN:2,tryCatch
FN:2,Generator
FN:2,GeneratorFunction
FN:2,GeneratorFunctionPrototype
FN:2,defineIteratorMethods
FN:2,AsyncIterator
FN:2,makeInvokeMethod
FN:2,maybeInvokeDelegate
FN:2,pushTryEntry
FN:2,resetTryEntry
FN:2,Context
FN:2,values
FN:2,next
FN:2,doneResult
FN:2,exports.isGeneratorFunction
FN:2,exports.mark
FN:2,exports.awrap
FN:2,exports.async
FN:2,exports.keys
FN:2,reset
FN:2,stop
FN:2,dispatchException
FN:2,abrupt
FN:2,complete
FN:2,finish
FN:2,_catch
FN:2,delegateYield
FN:2,asyncGeneratorStep
FN:2,_asyncToGenerator
FN:2,_next
FN:2,_throw
FN:2,_classCallCheck
FN:2,_defineProperties
FN:2,_createClass
FN:2,_toPropertyKey
FN:2,_toPrimitive
FN:5,S3Service
FN:12,_callee
FN:12,_callee$
FNF:45
FNH:26
FNDA:3,_regeneratorRuntime
FNDA:1,_regeneratorRuntime
FNDA:0,defineProperty
FNDA:39,define
FNDA:0,define
FNDA:1,wrap
FNDA:3,tryCatch
FNDA:0,Generator
FNDA:0,GeneratorFunction
FNDA:0,GeneratorFunctionPrototype
FNDA:6,defineIteratorMethods
FNDA:0,AsyncIterator
FNDA:1,makeInvokeMethod
FNDA:0,maybeInvokeDelegate
FNDA:0,pushTryEntry
FNDA:1,resetTryEntry
FNDA:1,Context
FNDA:3,values
FNDA:0,next
FNDA:0,doneResult
FNDA:0,exports.isGeneratorFunction
FNDA:3,exports.mark
FNDA:0,exports.awrap
FNDA:0,exports.async
FNDA:0,exports.keys
FNDA:1,reset
FNDA:1,stop
FNDA:0,dispatchException
FNDA:2,abrupt
FNDA:2,complete
FNDA:0,finish
FNDA:0,_catch
FNDA:0,delegateYield
FNDA:2,asyncGeneratorStep
FNDA:3,_asyncToGenerator
FNDA:2,_next
FNDA:0,_throw
FNDA:1,_classCallCheck
FNDA:3,_defineProperties
FNDA:3,_createClass
FNDA:3,_toPropertyKey
FNDA:3,_toPrimitive
FNDA:1,S3Service
FNDA:1,_callee
FNDA:3,_callee$
DA:1,1
DA:2,1
DA:3,1
DA:4,1
DA:5,3
DA:6,1
DA:7,1
DA:8,1
DA:9,1
DA:10,1
DA:11,3
DA:12,3
DA:13,1
DA:14,1
DA:15,1
DA:16,1
DA:17,1
DA:18,1
DA:19,1
DA:20,1
DA:21,3
DA:22,1
LF:22
LH:22
BRDA:2,0,0,3
BRDA:2,1,0,0
BRDA:2,2,0,0
BRDA:2,3,0,0
BRDA:2,4,0,0
BRDA:2,5,0,0
BRDA:2,6,0,0
BRDA:2,7,0,1
BRDA:2,8,0,39
BRDA:2,9,0,1
BRDA:2,10,0,0
BRDA:2,11,0,3
BRDA:2,12,0,0
BRDA:2,13,0,6
BRDA:2,14,0,18
BRDA:2,15,0,2
BRDA:2,16,0,1
BRDA:2,17,0,2
BRDA:2,18,0,0
BRDA:2,19,0,0
BRDA:2,20,0,3
BRDA:2,21,0,0
BRDA:2,22,0,2
BRDA:2,23,0,1
BRDA:2,24,0,0
BRDA:2,25,0,1
BRDA:2,26,0,2
BRDA:2,27,0,1
BRDA:2,28,0,2
BRDA:2,29,0,0
BRDA:2,30,0,1
BRDA:2,31,0,1
BRDA:2,32,0,3
BRDA:2,33,0,0
BRDA:2,34,0,0
BRDA:2,35,0,3
BRDA:2,36,0,0
BRDA:2,37,0,1
BRDA:2,38,0,0
BRDA:2,39,0,1
BRDA:2,40,0,0
BRDA:2,41,0,2
BRDA:2,42,0,0
BRDA:2,43,0,0
BRDA:2,44,0,0
BRDA:2,45,0,0
BRDA:2,46,0,0
BRDA:2,47,0,0
BRDA:2,48,0,0
BRDA:2,49,0,0
BRDA:2,50,0,0
BRDA:2,51,0,2
BRDA:2,52,0,0
BRDA:2,53,0,0
BRDA:2,54,0,0
BRDA:2,55,0,2
BRDA:2,56,0,0
BRDA:2,57,0,1
BRDA:2,58,0,3
BRDA:2,59,0,1
BRDA:2,60,0,1
BRDA:2,61,0,2
BRDA:2,62,0,1
BRDA:2,63,0,0
BRDA:2,64,0,3
BRDA:2,65,0,3
BRDA:2,66,0,0
BRDA:2,67,0,3
BRDA:2,68,0,0
BRDA:2,69,0,3
BRDA:2,70,0,0
BRDA:2,71,0,0
BRDA:2,72,0,0
BRDA:4,73,0,3
BRDA:5,74,0,1
BRDA:11,75,0,3
BRDA:12,76,0,1
BRDA:12,77,0,3
BRDA:12,78,0,1
BRDA:18,79,0,1
BRDA:20,80,0,0
BRDA:20,81,0,1
BRF:82
BRH:44
end_of_record
